
---------------------------------------------------------------------
Sat Oct 18 14:45:41 2025

Threshold for ArithProg CharPoly algorithm (using ModularBalanced<double> modulo 2097169)

Charpoly:  n = 800  degree    seconds            Gfops
                             16         0.126838          10.8989  
                             18         0.114357          12.0885  
                             20         0.114622          12.0605  
                             22         0.124058          11.1431  
                             24         0.111756          12.3698  
                             26         0.116808          11.8348  
                             28         0.112043          12.3381  
                             30         0.111989          12.3441  
                             32         0.108068           12.792  
                             34         0.109021          12.6801  
                             36         0.111743          12.3712  
                             38         0.111386          12.4109  
                             40         0.107604          12.8471  
                             42         0.109887          12.5802  
                             44         0.113672          12.1613  
                             46          0.11378          12.1498  
                             48         0.113227          12.2091  
                             50         0.124455          11.1076  
                             52         0.114806          12.0412  
                             54         0.114704          12.0519  
                             56         0.112769          12.2587  
                             58         0.109671           12.605  
                             60         0.112946          12.2395  
                             62         0.109936          12.5746  

defined __FFLASFFPACK_ARITHPROG_THRESHOLD to 40
