
---------------------------------------------------------------------
Sat Oct 18 14:45:37 2025

Threshold for finite field Strassen-Winograd matrix multiplication (using Modular_implem<double, double, uint64_t> modulo 17)

fgemm:  n                   Classic                        Winograd 1 level
                    seconds            Gfops          seconds            Gfops
       512        0.0125647          21.3643        0.0119637          22.4375
       512        0.0126456          21.2275        0.0120997          22.1854
       256       0.00207297          16.1866       0.00211096          15.8954
       384       0.00588473          19.2441       0.00563733          20.0886
       384       0.00586104          19.3218       0.00568938          19.9048
       320       0.00373101          17.5652       0.00371933          17.6204

defined __FFLASFFPACK_WINOTHRESHOLD to 320

---------------------------------------------------------------------
Sat Oct 18 14:45:38 2025

Threshold for finite field Strassen-Winograd matrix multiplication (using Modular_implem<float, float, uint32_t> modulo 17)

fgemm:  n                   Classic                        Winograd 1 level
                    seconds            Gfops          seconds            Gfops
       512       0.00532103          50.4481       0.00499304          53.7619
       512       0.00528995          50.7444       0.00502968          53.3703
       256      0.000682354          49.1745      0.000552018           60.785
       128      7.36713e-05          56.9326      8.76586e-05          47.8482
       192      0.000233014          60.7506      0.000264327          53.5541

defined __FFLASFFPACK_WINOTHRESHOLD_FLT to 256

---------------------------------------------------------------------
Sat Oct 18 14:45:38 2025

Threshold for finite field Strassen-Winograd matrix multiplication (using ModularBalanced<double> modulo 17)

fgemm:  n                   Classic                        Winograd 1 level
                    seconds            Gfops          seconds            Gfops
       512       0.00863171          31.0988        0.0111586          24.0563
      1024        0.0746717           28.759        0.0652119          32.9308
      1024        0.0691853          31.0396         0.066869          32.1148
       768        0.0291607          31.0682        0.0272934          33.1938
       640        0.0168593          31.0979        0.0156356          33.5316
       576          0.01202          31.7976        0.0113603          33.6439

defined __FFLASFFPACK_WINOTHRESHOLD_BAL to 576

---------------------------------------------------------------------
Sat Oct 18 14:45:40 2025

Threshold for finite field Strassen-Winograd matrix multiplication (using ModularBalanced<float> modulo 17)

fgemm:  n                   Classic                        Winograd 1 level
                    seconds            Gfops          seconds            Gfops
       512       0.00525101          51.1207         0.004951          54.2184
       512       0.00526468           50.988       0.00499074          53.7867
       256      0.000681321          49.2491      0.000562032           59.702
       128      7.23998e-05          57.9326      8.40028e-05          49.9305
       192      0.000231663          61.1049      0.000261307           54.173

defined __FFLASFFPACK_WINOTHRESHOLD_BAL_FLT to 256
