
---------------------------------------------------------------------
Sat Oct 18 14:46:10 2025

Threshold for fsyrk base case (using ModularBalanced<double> modulo 131071)

fsyrk:  n                   Base case                        Recursive 1 level
                    seconds            Gfops          seconds            Gfops
      1000         0.188698          1.76649         0.053285          6.25567
      1000         0.063929          5.21412         0.053172          6.26897
      1000        0.0672953          4.95329        0.0566716          5.88184
       500        0.0182063          2.28858        0.0168494          2.47289
       250       0.00498833           1.0441       0.00467531          1.11401
       125       0.00141467         0.460209       0.00174634         0.372804
       187       0.00295667         0.737227        0.0029676         0.734512
       218       0.00392367         0.880149       0.00383727         0.899966
       218       0.00378867         0.911511       0.00357199         0.966804
       218       0.00383667         0.900107       0.00373308         0.925084
       203       0.00336633         0.828342       0.00315062         0.885056
       196          0.00307         0.817539       0.00310008         0.809607
       199       0.00327667         0.801689       0.00307933         0.853063
       199         0.003276         0.801852       0.00301568          0.87107
       199       0.00322567         0.814364         0.003057         0.859295

defined __FFLASFFPACK_FSYRK_THRESHOLD to 199
